<?xml version="1.0" encoding="UTF-8"?>
<testsuite name="org.jvault.vault.InstanceVaultTest" tests="4" skipped="0" failures="0" errors="0" timestamp="2022-11-15T13:05:26" hostname="xb-apple.local" time="0.003">
  <properties/>
  <testcase name="INSTANCE_VAULT_FIELD_INJECT_TEST()" classname="org.jvault.vault.InstanceVaultTest" time="0.001"/>
  <testcase name="INSTANCE_VAULT_FIELD_INJECT_FAIL_TEST()" classname="org.jvault.vault.InstanceVaultTest" time="0.001"/>
  <testcase name="INSTANCE_VAULT_CONSTRUCTOR_INJECT_TEST()" classname="org.jvault.vault.InstanceVaultTest" time="0.001"/>
  <testcase name="INSTANCE_VAULT_CONSTRUCTOR_INJECT_FAIL_TEST()" classname="org.jvault.vault.InstanceVaultTest" time="0.0"/>
  <system-out><![CDATA[]]></system-out>
  <system-err><![CDATA[]]></system-err>
</testsuite>
