<?xml version="1.0" encoding="UTF-8"?>
<testsuite name="org.jvault.beanreader.AnnotationBeanReaderTest" tests="2" skipped="0" failures="0" errors="0" timestamp="2022-10-30T08:43:45" hostname="xb-apple.local" time="0.001">
  <properties/>
  <testcase name="ANNOTATION_BEAN_READER_TEST()" classname="org.jvault.beanreader.AnnotationBeanReaderTest" time="0.0"/>
  <testcase name="FILED_INJECT_BEAN_READER_TEST()" classname="org.jvault.beanreader.AnnotationBeanReaderTest" time="0.001"/>
  <system-out><![CDATA[]]></system-out>
  <system-err><![CDATA[]]></system-err>
</testsuite>
