<?xml version="1.0" encoding="UTF-8"?>
<testsuite name="org.jvault.factory.ClassVaultFactoryTest" tests="1" skipped="0" failures="0" errors="0" timestamp="2022-11-01T09:22:04" hostname="xb-apple.local" time="0.004">
  <properties/>
  <testcase name="BEAN_WITH_FACTORY_CLASS_VAULT_FACTORY_TEST()" classname="org.jvault.factory.ClassVaultFactoryTest" time="0.004"/>
  <system-out><![CDATA[]]></system-out>
  <system-err><![CDATA[]]></system-err>
</testsuite>
