<?xml version="1.0" encoding="UTF-8"?>
<testsuite name="org.jvault.factory.TypeVaultFactoryTest" tests="5" skipped="0" failures="0" errors="0" timestamp="2022-11-15T08:37:55" hostname="xb-apple.local" time="0.009">
  <properties/>
  <testcase name="READ_FROM_CLASS_WITH_PROPERTIES_CONFIG_VAULT_FACTORY_TEST()" classname="org.jvault.factory.TypeVaultFactoryTest" time="0.003"/>
  <testcase name="BEAN_WITH_FACTORY_CLASS_VAULT_FACTORY_TEST()" classname="org.jvault.factory.TypeVaultFactoryTest" time="0.002"/>
  <testcase name="READ_WITH_ANNOTATION_CONFIG_VAULT_FACTORY_TEST()" classname="org.jvault.factory.TypeVaultFactoryTest" time="0.002"/>
  <testcase name="READ_WITH_PROPERTIES_VAULT_FACTORY_TEST()" classname="org.jvault.factory.TypeVaultFactoryTest" time="0.001"/>
  <testcase name="FAIL_READ_WITH_ANNOTATION_CONFIG_VAULT_FACTORY_TEST()" classname="org.jvault.factory.TypeVaultFactoryTest" time="0.001"/>
  <system-out><![CDATA[]]></system-out>
  <system-err><![CDATA[]]></system-err>
</testsuite>
