<?xml version="1.0" encoding="UTF-8"?>
<testsuite name="org.jvault.factory.ClassVaultFactoryTest" tests="2" skipped="0" failures="0" errors="0" timestamp="2022-11-01T11:04:59" hostname="xb-apple.local" time="0.017">
  <properties/>
  <testcase name="READ_WITH_PROPERTIES_TEST()" classname="org.jvault.factory.ClassVaultFactoryTest" time="0.014"/>
  <testcase name="BEAN_WITH_FACTORY_CLASS_VAULT_FACTORY_TEST()" classname="org.jvault.factory.ClassVaultFactoryTest" time="0.003"/>
  <system-out><![CDATA[org.jvault
org.jvault.struct.scanwithproperties
org.jvault.struct.scanwithproperties.propertiesbeans
]]></system-out>
  <system-err><![CDATA[]]></system-err>
</testsuite>
