<?xml version="1.0" encoding="UTF-8"?>
<testsuite name="org.jvault.factory.ClassVaultFactoryTest" tests="3" skipped="0" failures="0" errors="0" timestamp="2022-11-03T05:56:31" hostname="xb-apple.local" time="0.006">
  <properties/>
  <testcase name="ANNOTATION_CONFIG_BEAN_VAULT_FACTORY_TEST()" classname="org.jvault.factory.ClassVaultFactoryTest" time="0.002"/>
  <testcase name="BEAN_WITH_FACTORY_CLASS_VAULT_FACTORY_TEST()" classname="org.jvault.factory.ClassVaultFactoryTest" time="0.002"/>
  <testcase name="READ_WITH_PROPERTIES_VAULT_FACTORY_TEST()" classname="org.jvault.factory.ClassVaultFactoryTest" time="0.001"/>
  <system-out><![CDATA[]]></system-out>
  <system-err><![CDATA[]]></system-err>
</testsuite>
