<?xml version="1.0" encoding="UTF-8"?>
<testsuite name="org.jvault.extension.RuntimeExtensionTest" tests="2" skipped="0" failures="0" errors="0" timestamp="2022-11-12T07:04:03" hostname="xb-apple.local" time="0.007">
  <properties/>
  <testcase name="FAIL_BEAN_READER_RUNTIME_EXTENSION_TEST()" classname="org.jvault.extension.RuntimeExtensionTest" time="0.003"/>
  <testcase name="BEAN_READER_RUNTIME_EXTENSION_TEST()" classname="org.jvault.extension.RuntimeExtensionTest" time="0.004"/>
  <system-out><![CDATA[]]></system-out>
  <system-err><![CDATA[]]></system-err>
</testsuite>
