<?xml version="1.0" encoding="UTF-8"?>
<testsuite name="org.jvault.vault.ClassVaultThreadSafeTest" tests="1" skipped="0" failures="0" errors="0" timestamp="2022-11-16T06:00:24" hostname="xb-apple.local" time="0.139">
  <properties/>
  <testcase name="VAULT_THREAD_SAFE_TEST()" classname="org.jvault.vault.ClassVaultThreadSafeTest" time="0.139"/>
  <system-out><![CDATA[]]></system-out>
  <system-err><![CDATA[]]></system-err>
</testsuite>
