<?xml version="1.0" encoding="UTF-8"?>
<testsuite name="org.jvault.beanreader.AnnotatedBeanReaderTest" tests="13" skipped="0" failures="0" errors="0" timestamp="2022-11-15T05:38:07" hostname="xb-apple.local" time="0.019">
  <properties/>
  <testcase name="INTERNAL_BEAN_ON_INTERFACE_BEAN_READER_TEST()" classname="org.jvault.beanreader.AnnotatedBeanReaderTest" time="0.001"/>
  <testcase name="EXCLUDE_ALL_BEAN_READER_TEST()" classname="org.jvault.beanreader.AnnotatedBeanReaderTest" time="0.005"/>
  <testcase name="EXCLUDE_PACKAGE_BEAN_LEADER_TEST()" classname="org.jvault.beanreader.AnnotatedBeanReaderTest" time="0.001"/>
  <testcase name="REGEX_TEST_EXCLUDE_SON2_EACH_BEAN_READER_TEST()" classname="org.jvault.beanreader.AnnotatedBeanReaderTest" time="0.001"/>
  <testcase name="UNDER_BAR_IN_PACKAGE_SRC_BEAN_LEADER_TEST()" classname="org.jvault.beanreader.AnnotatedBeanReaderTest" time="0.0"/>
  <testcase name="ANNOTATION_BEAN_READER_TEST()" classname="org.jvault.beanreader.AnnotatedBeanReaderTest" time="0.0"/>
  <testcase name="READ_FROM_CLASS_BEAN_READER_TEST()" classname="org.jvault.beanreader.AnnotatedBeanReaderTest" time="0.001"/>
  <testcase name="REGEX_TEST_EXCLUDE_SON2_WITH_REGEX_BEAN_READER_TEST()" classname="org.jvault.beanreader.AnnotatedBeanReaderTest" time="0.001"/>
  <testcase name="READ_NOT_INTERNAL_BEAN_BEAN_READER_TEST()" classname="org.jvault.beanreader.AnnotatedBeanReaderTest" time="0.0"/>
  <testcase name="EXCLUDE_ONLY_ONE_BEAN_READER_TEST()" classname="org.jvault.beanreader.AnnotatedBeanReaderTest" time="0.004"/>
  <testcase name="REGEX_TEST_READ_ALL_EACH_PACKAGE_BEAN_READER_TEST()" classname="org.jvault.beanreader.AnnotatedBeanReaderTest" time="0.002"/>
  <testcase name="FILED_INJECT_BEAN_READER_TEST()" classname="org.jvault.beanreader.AnnotatedBeanReaderTest" time="0.0"/>
  <testcase name="REGEX_TEST_READ_ALL_WITH_REGEX_BEAN_READER_TEST()" classname="org.jvault.beanreader.AnnotatedBeanReaderTest" time="0.001"/>
  <system-out><![CDATA[]]></system-out>
  <system-err><![CDATA[]]></system-err>
</testsuite>
