<?xml version="1.0" encoding="UTF-8"?>
<testsuite name="org.jvault.vault.ClassVaultTest" tests="10" skipped="0" failures="0" errors="0" timestamp="2022-11-15T08:37:55" hostname="xb-apple.local" time="0.005">
  <properties/>
  <testcase name="BUILD_VAULT_CREATE_VAULT_TEST()" classname="org.jvault.vault.ClassVaultTest" time="0.001"/>
  <testcase name="DUPLICATE_VAULT_DETECTED_CLASS_VAULT_TEST()" classname="org.jvault.vault.ClassVaultTest" time="0.0"/>
  <testcase name="VAULT_INJECT_SINGLETON_WITH_NOT_SCAN_TEST()" classname="org.jvault.vault.ClassVaultTest" time="0.001"/>
  <testcase name="BUILD_VAULT_CANNOT_INJECT_BEAN_CREATE_VAULT_TEST()" classname="org.jvault.vault.ClassVaultTest" time="0.0"/>
  <testcase name="GENERIC_BEAN_SCAN_TEST()" classname="org.jvault.vault.ClassVaultTest" time="0.001"/>
  <testcase name="BUILD_VAULT_CANNOT_INJECT_CLASS_CREATE_VAULT_TEST()" classname="org.jvault.vault.ClassVaultTest" time="0.0"/>
  <testcase name="VAULT_INJECT_SINGLETON_WITH_SCAN_TEST()" classname="org.jvault.vault.ClassVaultTest" time="0.001"/>
  <testcase name="CHOICE_CONSTRUCTOR_INJECT_CLASS_VAULT_TEST()" classname="org.jvault.vault.ClassVaultTest" time="0.0"/>
  <testcase name="ANNOTATION_CONFIG_WITH_CLASS_CREATE_VAULT_TEST()" classname="org.jvault.vault.ClassVaultTest" time="0.001"/>
  <testcase name="DUPLICATE_VAULT_DETECTED_WITH_VAULT_NAME_VAULT_TEST()" classname="org.jvault.vault.ClassVaultTest" time="0.0"/>
  <system-out><![CDATA[]]></system-out>
  <system-err><![CDATA[]]></system-err>
</testsuite>
