<?xml version="1.0" encoding="UTF-8"?>
<testsuite name="org.jvault.factory.TypeVaultFactoryTest" tests="5" skipped="0" failures="0" errors="0" timestamp="2022-11-13T11:11:40" hostname="xb-apple.local" time="0.004">
  <properties/>
  <testcase name="READ_FROM_CLASS_WITH_PROPERTIES_CONFIG_VAULT_FACTORY_TEST()" classname="org.jvault.factory.TypeVaultFactoryTest" time="0.001"/>
  <testcase name="BEAN_WITH_FACTORY_CLASS_VAULT_FACTORY_TEST()" classname="org.jvault.factory.TypeVaultFactoryTest" time="0.001"/>
  <testcase name="READ_WITH_ANNOTATION_CONFIG_VAULT_FACTORY_TEST()" classname="org.jvault.factory.TypeVaultFactoryTest" time="0.0"/>
  <testcase name="READ_WITH_PROPERTIES_VAULT_FACTORY_TEST()" classname="org.jvault.factory.TypeVaultFactoryTest" time="0.001"/>
  <testcase name="FAIL_READ_WITH_ANNOTATION_CONFIG_VAULT_FACTORY_TEST()" classname="org.jvault.factory.TypeVaultFactoryTest" time="0.001"/>
  <system-out><![CDATA[]]></system-out>
  <system-err><![CDATA[]]></system-err>
</testsuite>
