<?xml version="1.0" encoding="UTF-8"?>
<testsuite name="org.jvault.vault.ClassVaultTest" tests="4" skipped="0" failures="0" errors="0" timestamp="2022-11-09T14:03:56" hostname="xb-apple.local" time="0.003">
  <properties/>
  <testcase name="BUILD_VAULT_CREATE_VAULT_TEST()" classname="org.jvault.vault.ClassVaultTest" time="0.0"/>
  <testcase name="BUILD_VAULT_CANNOT_INJECT_BEAN_CREATE_VAULT_TEST()" classname="org.jvault.vault.ClassVaultTest" time="0.0"/>
  <testcase name="BUILD_VAULT_CANNOT_INJECT_CLASS_CREATE_VAULT_TEST()" classname="org.jvault.vault.ClassVaultTest" time="0.0"/>
  <testcase name="ANNOTATION_CONFIG_WITH_CLASS_CREATE_VAULT_TEST()" classname="org.jvault.vault.ClassVaultTest" time="0.002"/>
  <system-out><![CDATA[]]></system-out>
  <system-err><![CDATA[]]></system-err>
</testsuite>
